(0000) 3000  0011000000000000 (   6)                 .ORIG x3000
(3000) A22D  1010001000101101 (   8)                 LDI   R1 X
(3001) A42D  1010010000101101 (   9)                 LDI   R2 Y
(3002) 4805  0100100000000101 (  10)                 JSR   MULT
(3003) B62C  1011011000101100 (  11)                 STI   R3 XY
(3004) 481A  0100100000011010 (  12)                 JSR   DIV
(3005) BA2B  1011101000101011 (  13)                 STI   R5 QUOT
(3006) B62B  1011011000101011 (  14)                 STI   R3 R
(3007) F025  1111000000100101 (  16)                 TRAP  x25
(3008) 3A2A  0011101000101010 (  19) MULT            ST    R5 SaveReg5
(3009) 3C2A  0011110000101010 (  20)                 ST    R6 SaveReg6
(300A) 18A0  0001100010100000 (  22)                 ADD   R4 R2 #0
(300B) 993F  1001100100111111 (  23)                 NOT   R4 R4
(300C) 1921  0001100100100001 (  24)                 ADD   R4 R4 #1
(300D) 0206  0000001000000110 (  25)                 BRP   POSLOOP
(300E) 1D44  0001110101000100 (  28) LOOP            ADD   R6 R5 R4
(300F) 0603  0000011000000011 (  29)                 BRZP  QUIT1
(3010) 1B61  0001101101100001 (  30)                 ADD   R5 R5 #1
(3011) 16C1  0001011011000001 (  31)                 ADD   R3 R3 R1
(3012) 0FFB  0000111111111011 (  32)                 BRNZP LOOP
(3013) C1C0  1100000111000000 (  34) QUIT1           RET   
(3014) 1920  0001100100100000 (  38) POSLOOP         ADD   R4 R4 #0
(3015) 1D44  0001110101000100 (  40) LOOP2           ADD   R6 R5 R4
(3016) 0403  0000010000000011 (  41)                 BRZ   QUIT2
(3017) 1B61  0001101101100001 (  42)                 ADD   R5 R5 #1
(3018) 16C1  0001011011000001 (  43)                 ADD   R3 R3 R1
(3019) 0FFB  0000111111111011 (  44)                 BRNZP LOOP2
(301A) 96FF  1001011011111111 (  47) QUIT2           NOT   R3 R3
(301B) 16E1  0001011011100001 (  48)                 ADD   R3 R3 #1
(301C) 2A16  0010101000010110 (  50)                 LD    R5 SaveReg5
(301D) 2C16  0010110000010110 (  51)                 LD    R6 SaveReg6
(301E) C1C0  1100000111000000 (  52)                 RET   
(301F) 5B60  0101101101100000 (  55) DIV             AND   R5 R5 #0
(3020) 1660  0001011001100000 (  56)                 ADD   R3 R1 #0
(3021) 18A0  0001100010100000 (  57)                 ADD   R4 R2 #0
(3022) 993F  1001100100111111 (  58)                 NOT   R4 R4
(3023) 1921  0001100100100001 (  59)                 ADD   R4 R4 #1
(3024) 10C4  0001000011000100 (  60)                 ADD   R0 R3 R4
(3025) 09F4  0000100111110100 (  61)                 BRN   QUIT2
(3026) 1B61  0001101101100001 (  64) LOOP3           ADD   R5 R5 #1
(3027) 16C4  0001011011000100 (  65)                 ADD   R3 R3 R4
(3028) 03FD  0000001111111101 (  66)                 BRP   LOOP3
(3029) 0403  0000010000000011 (  67)                 BRZ   QUIT3
(302A) 16C6  0001011011000110 (  68)                 ADD   R3 R3 R6
(302B) 1B7F  0001101101111111 (  69)                 ADD   R5 R5 #-1
(302C) 0E00  0000111000000000 (  70)                 BRNZP QUIT3
(302D) C1C0  1100000111000000 (  72) QUIT3           RET   
(302E) 3100  0011000100000000 (  84) X               .FILL x3100
(302F) 3101  0011000100000001 (  85) Y               .FILL x3101
(3030) 3102  0011000100000010 (  86) XY              .FILL x3102
(3031) 3103  0011000100000011 (  87) QUOT            .FILL x3103
(3032) 3104  0011000100000100 (  88) R               .FILL x3104
(3033) 0000  0000000000000000 (  89) SaveReg5        .FILL x0000
(3034) 0000  0000000000000000 (  90) SaveReg6        .FILL x0000
