(0000) 3000  0011000000000000 (   6)                 .ORIG x3000
(3000) E073  1110000001110011 (   7)                 LEA   R0 NWLINE
(3001) F022  1111000000100010 (   8)                 TRAP  x22
(3002) E092  1110000010010010 (  13) ASKINP          LEA   R0 INPPROM
(3003) F022  1111000000100010 (  14)                 TRAP  x22
(3004) F020  1111000000100000 (  15)                 TRAP  x20
(3005) 1420  0001010000100000 (  16)                 ADD   R2 R0 #0
(3006) 14B1  0001010010110001 (  24)                 ADD   R2 R2 #-15
(3007) 14B1  0001010010110001 (  25)                 ADD   R2 R2 #-15
(3008) 14BD  0001010010111101 (  26)                 ADD   R2 R2 #-3
(3009) 0860  0000100001100000 (  27)                 BRN   XERR
(300A) 5020  0101000000100000 (  29)                 AND   R0 R0 #0
(300B) 12A0  0001001010100000 (  40)                 ADD   R1 R2 #0
(300C) 0462  0000010001100010 (  41)                 BRZ   XDONE
(300D) 14B1  0001010010110001 (  43)                 ADD   R2 R2 #-15
(300E) 12B4  0001001010110100 (  44)                 ADD   R1 R2 #-12
(300F) 0455  0000010001010101 (  45)                 BRZ   XTWELVE
(3010) 12B5  0001001010110101 (  46)                 ADD   R1 R2 #-11
(3011) 044E  0000010001001110 (  47)                 BRZ   XELEVEN
(3012) 12B6  0001001010110110 (  48)                 ADD   R1 R2 #-10
(3013) 0447  0000010001000111 (  49)                 BRZ   XTEN
(3014) 12B7  0001001010110111 (  50)                 ADD   R1 R2 #-9
(3015) 0440  0000010001000000 (  51)                 BRZ   XNINE
(3016) 12B8  0001001010111000 (  52)                 ADD   R1 R2 #-8
(3017) 0439  0000010000111001 (  53)                 BRZ   XEIGHT
(3018) 12B9  0001001010111001 (  54)                 ADD   R1 R2 #-7
(3019) 0432  0000010000110010 (  55)                 BRZ   XSEVEN
(301A) 12BA  0001001010111010 (  56)                 ADD   R1 R2 #-6
(301B) 042B  0000010000101011 (  57)                 BRZ   XSIX
(301C) 12BB  0001001010111011 (  58)                 ADD   R1 R2 #-5
(301D) 0424  0000010000100100 (  59)                 BRZ   XFIVE
(301E) 12BC  0001001010111100 (  60)                 ADD   R1 R2 #-4
(301F) 041D  0000010000011101 (  61)                 BRZ   XFOUR
(3020) 12BD  0001001010111101 (  62)                 ADD   R1 R2 #-3
(3021) 0416  0000010000010110 (  63)                 BRZ   XTHREE
(3022) 12BE  0001001010111110 (  64)                 ADD   R1 R2 #-2
(3023) 040F  0000010000001111 (  65)                 BRZ   XTWO
(3024) 12BF  0001001010111111 (  66)                 ADD   R1 R2 #-1
(3025) 0408  0000010000001000 (  67)                 BRZ   XONE
(3026) 12A0  0001001010100000 (  68)                 ADD   R1 R2 #0
(3027) 0401  0000010000000001 (  69)                 BRZ   XZERO
(3028) 0E41  0000111001000001 (  71)                 BRNZP XERR
(3029) E0AA  1110000010101010 (  79) XZERO           LEA   R0 ZERO
(302A) F022  1111000000100010 (  80)                 TRAP  x22
(302B) E048  1110000001001000 (  81)                 LEA   R0 NWLINE
(302C) F022  1111000000100010 (  82)                 TRAP  x22
(302D) 0FD4  0000111111010100 (  83)                 BRNZP ASKINP
(302E) E0AF  1110000010101111 (  84) XONE            LEA   R0 ONE
(302F) F022  1111000000100010 (  85)                 TRAP  x22
(3030) E043  1110000001000011 (  86)                 LEA   R0 NWLINE
(3031) F022  1111000000100010 (  87)                 TRAP  x22
(3032) 0FCF  0000111111001111 (  88)                 BRNZP ASKINP
(3033) E0B4  1110000010110100 (  89) XTWO            LEA   R0 TWO
(3034) F022  1111000000100010 (  90)                 TRAP  x22
(3035) E03E  1110000000111110 (  91)                 LEA   R0 NWLINE
(3036) F022  1111000000100010 (  92)                 TRAP  x22
(3037) 0FCA  0000111111001010 (  93)                 BRNZP ASKINP
(3038) E0B9  1110000010111001 (  94) XTHREE          LEA   R0 THREE
(3039) F022  1111000000100010 (  95)                 TRAP  x22
(303A) E039  1110000000111001 (  96)                 LEA   R0 NWLINE
(303B) F022  1111000000100010 (  97)                 TRAP  x22
(303C) 0FC5  0000111111000101 (  98)                 BRNZP ASKINP
(303D) E0BE  1110000010111110 (  99) XFOUR           LEA   R0 FOUR
(303E) F022  1111000000100010 ( 100)                 TRAP  x22
(303F) E034  1110000000110100 ( 101)                 LEA   R0 NWLINE
(3040) F022  1111000000100010 ( 102)                 TRAP  x22
(3041) 0FC0  0000111111000000 ( 103)                 BRNZP ASKINP
(3042) E0C3  1110000011000011 ( 104) XFIVE           LEA   R0 FIVE
(3043) F022  1111000000100010 ( 105)                 TRAP  x22
(3044) E02F  1110000000101111 ( 106)                 LEA   R0 NWLINE
(3045) F022  1111000000100010 ( 107)                 TRAP  x22
(3046) 0FBB  0000111110111011 ( 108)                 BRNZP ASKINP
(3047) E0C8  1110000011001000 ( 109) XSIX            LEA   R0 SIX
(3048) F022  1111000000100010 ( 110)                 TRAP  x22
(3049) E02A  1110000000101010 ( 111)                 LEA   R0 NWLINE
(304A) F022  1111000000100010 ( 112)                 TRAP  x22
(304B) 0FB6  0000111110110110 ( 113)                 BRNZP ASKINP
(304C) E0CD  1110000011001101 ( 114) XSEVEN          LEA   R0 SEVEN
(304D) F022  1111000000100010 ( 115)                 TRAP  x22
(304E) E025  1110000000100101 ( 116)                 LEA   R0 NWLINE
(304F) F022  1111000000100010 ( 117)                 TRAP  x22
(3050) 0FB1  0000111110110001 ( 118)                 BRNZP ASKINP
(3051) E0D2  1110000011010010 ( 119) XEIGHT          LEA   R0 EIGHT
(3052) F022  1111000000100010 ( 120)                 TRAP  x22
(3053) E020  1110000000100000 ( 121)                 LEA   R0 NWLINE
(3054) F022  1111000000100010 ( 122)                 TRAP  x22
(3055) 0FAC  0000111110101100 ( 123)                 BRNZP ASKINP
(3056) E0D7  1110000011010111 ( 124) XNINE           LEA   R0 NINE
(3057) F022  1111000000100010 ( 125)                 TRAP  x22
(3058) E01B  1110000000011011 ( 126)                 LEA   R0 NWLINE
(3059) F022  1111000000100010 ( 127)                 TRAP  x22
(305A) 0FA7  0000111110100111 ( 128)                 BRNZP ASKINP
(305B) E0DC  1110000011011100 ( 129) XTEN            LEA   R0 TEN
(305C) F022  1111000000100010 ( 130)                 TRAP  x22
(305D) E016  1110000000010110 ( 131)                 LEA   R0 NWLINE
(305E) F022  1111000000100010 ( 132)                 TRAP  x22
(305F) 0FA2  0000111110100010 ( 133)                 BRNZP ASKINP
(3060) E0E1  1110000011100001 ( 134) XELEVEN         LEA   R0 ELEVEN
(3061) F022  1111000000100010 ( 135)                 TRAP  x22
(3062) E011  1110000000010001 ( 136)                 LEA   R0 NWLINE
(3063) F022  1111000000100010 ( 137)                 TRAP  x22
(3064) 0F9D  0000111110011101 ( 138)                 BRNZP ASKINP
(3065) E0E6  1110000011100110 ( 139) XTWELVE         LEA   R0 TWELVE
(3066) F022  1111000000100010 ( 140)                 TRAP  x22
(3067) E00C  1110000000001100 ( 141)                 LEA   R0 NWLINE
(3068) F022  1111000000100010 ( 142)                 TRAP  x22
(3069) 0F98  0000111110011000 ( 143)                 BRNZP ASKINP
(306A) E040  1110000001000000 ( 146) XERR            LEA   R0 INPERR
(306B) F022  1111000000100010 ( 147)                 TRAP  x22
(306C) E007  1110000000000111 ( 148)                 LEA   R0 NWLINE
(306D) F022  1111000000100010 ( 149)                 TRAP  x22
(306E) 0F93  0000111110010011 ( 150)                 BRNZP ASKINP
(306F) E05E  1110000001011110 ( 151) XDONE           LEA   R0 DONE
(3070) F022  1111000000100010 ( 152)                 TRAP  x22
(3071) E002  1110000000000010 ( 153)                 LEA   R0 NWLINE
(3072) F022  1111000000100010 ( 154)                 TRAP  x22
(3073) F025  1111000000100101 ( 155)                 TRAP  x25
(3074) 000A  0000000000001010 ( 158) NWLINE          .FILL x000A
(3075) 0000  0000000000000000 ( 158)                 .FILL x0000
(3076) 0050  0000000001010000 ( 159) BYEBYE          .FILL x0050
(3077) 0072  0000000001110010 ( 159)                 .FILL x0072
(3078) 006F  0000000001101111 ( 159)                 .FILL x006F
(3079) 0067  0000000001100111 ( 159)                 .FILL x0067
(307A) 0072  0000000001110010 ( 159)                 .FILL x0072
(307B) 0061  0000000001100001 ( 159)                 .FILL x0061
(307C) 006D  0000000001101101 ( 159)                 .FILL x006D
(307D) 0020  0000000000100000 ( 159)                 .FILL x0020
(307E) 0065  0000000001100101 ( 159)                 .FILL x0065
(307F) 0078  0000000001111000 ( 159)                 .FILL x0078
(3080) 0065  0000000001100101 ( 159)                 .FILL x0065
(3081) 0063  0000000001100011 ( 159)                 .FILL x0063
(3082) 0075  0000000001110101 ( 159)                 .FILL x0075
(3083) 0074  0000000001110100 ( 159)                 .FILL x0074
(3084) 0069  0000000001101001 ( 159)                 .FILL x0069
(3085) 006F  0000000001101111 ( 159)                 .FILL x006F
(3086) 006E  0000000001101110 ( 159)                 .FILL x006E
(3087) 0020  0000000000100000 ( 159)                 .FILL x0020
(3088) 0074  0000000001110100 ( 159)                 .FILL x0074
(3089) 0065  0000000001100101 ( 159)                 .FILL x0065
(308A) 0072  0000000001110010 ( 159)                 .FILL x0072
(308B) 006D  0000000001101101 ( 159)                 .FILL x006D
(308C) 0069  0000000001101001 ( 159)                 .FILL x0069
(308D) 006E  0000000001101110 ( 159)                 .FILL x006E
(308E) 0061  0000000001100001 ( 159)                 .FILL x0061
(308F) 0074  0000000001110100 ( 159)                 .FILL x0074
(3090) 0065  0000000001100101 ( 159)                 .FILL x0065
(3091) 0064  0000000001100100 ( 159)                 .FILL x0064
(3092) 0021  0000000000100001 ( 159)                 .FILL x0021
(3093) 000A  0000000000001010 ( 159)                 .FILL x000A
(3094) 0000  0000000000000000 ( 159)                 .FILL x0000
(3095) 0049  0000000001001001 ( 160) INPPROM         .FILL x0049
(3096) 006E  0000000001101110 ( 160)                 .FILL x006E
(3097) 0070  0000000001110000 ( 160)                 .FILL x0070
(3098) 0075  0000000001110101 ( 160)                 .FILL x0075
(3099) 0074  0000000001110100 ( 160)                 .FILL x0074
(309A) 0020  0000000000100000 ( 160)                 .FILL x0020
(309B) 0061  0000000001100001 ( 160)                 .FILL x0061
(309C) 0020  0000000000100000 ( 160)                 .FILL x0020
(309D) 006E  0000000001101110 ( 160)                 .FILL x006E
(309E) 0075  0000000001110101 ( 160)                 .FILL x0075
(309F) 006D  0000000001101101 ( 160)                 .FILL x006D
(30A0) 0062  0000000001100010 ( 160)                 .FILL x0062
(30A1) 0065  0000000001100101 ( 160)                 .FILL x0065
(30A2) 0072  0000000001110010 ( 160)                 .FILL x0072
(30A3) 0020  0000000000100000 ( 160)                 .FILL x0020
(30A4) 0030  0000000000110000 ( 160)                 .FILL x0030
(30A5) 002D  0000000000101101 ( 160)                 .FILL x002D
(30A6) 0031  0000000000110001 ( 160)                 .FILL x0031
(30A7) 0032  0000000000110010 ( 160)                 .FILL x0032
(30A8) 003A  0000000000111010 ( 160)                 .FILL x003A
(30A9) 0020  0000000000100000 ( 160)                 .FILL x0020
(30AA) 0000  0000000000000000 ( 160)                 .FILL x0000
(30AB) 0045  0000000001000101 ( 161) INPERR          .FILL x0045
(30AC) 0072  0000000001110010 ( 161)                 .FILL x0072
(30AD) 0072  0000000001110010 ( 161)                 .FILL x0072
(30AE) 006F  0000000001101111 ( 161)                 .FILL x006F
(30AF) 0072  0000000001110010 ( 161)                 .FILL x0072
(30B0) 0021  0000000000100001 ( 161)                 .FILL x0021
(30B1) 0020  0000000000100000 ( 161)                 .FILL x0020
(30B2) 0059  0000000001011001 ( 161)                 .FILL x0059
(30B3) 006F  0000000001101111 ( 161)                 .FILL x006F
(30B4) 0075  0000000001110101 ( 161)                 .FILL x0075
(30B5) 0020  0000000000100000 ( 161)                 .FILL x0020
(30B6) 0064  0000000001100100 ( 161)                 .FILL x0064
(30B7) 0069  0000000001101001 ( 161)                 .FILL x0069
(30B8) 0064  0000000001100100 ( 161)                 .FILL x0064
(30B9) 0020  0000000000100000 ( 161)                 .FILL x0020
(30BA) 006E  0000000001101110 ( 161)                 .FILL x006E
(30BB) 006F  0000000001101111 ( 161)                 .FILL x006F
(30BC) 0074  0000000001110100 ( 161)                 .FILL x0074
(30BD) 0020  0000000000100000 ( 161)                 .FILL x0020
(30BE) 0069  0000000001101001 ( 161)                 .FILL x0069
(30BF) 006E  0000000001101110 ( 161)                 .FILL x006E
(30C0) 0070  0000000001110000 ( 161)                 .FILL x0070
(30C1) 0075  0000000001110101 ( 161)                 .FILL x0075
(30C2) 0074  0000000001110100 ( 161)                 .FILL x0074
(30C3) 0020  0000000000100000 ( 161)                 .FILL x0020
(30C4) 0061  0000000001100001 ( 161)                 .FILL x0061
(30C5) 0020  0000000000100000 ( 161)                 .FILL x0020
(30C6) 006E  0000000001101110 ( 161)                 .FILL x006E
(30C7) 0075  0000000001110101 ( 161)                 .FILL x0075
(30C8) 006D  0000000001101101 ( 161)                 .FILL x006D
(30C9) 0062  0000000001100010 ( 161)                 .FILL x0062
(30CA) 0065  0000000001100101 ( 161)                 .FILL x0065
(30CB) 0072  0000000001110010 ( 161)                 .FILL x0072
(30CC) 002E  0000000000101110 ( 161)                 .FILL x002E
(30CD) 0000  0000000000000000 ( 161)                 .FILL x0000
(30CE) 0044  0000000001000100 ( 162) DONE            .FILL x0044
(30CF) 006F  0000000001101111 ( 162)                 .FILL x006F
(30D0) 006E  0000000001101110 ( 162)                 .FILL x006E
(30D1) 0065  0000000001100101 ( 162)                 .FILL x0065
(30D2) 0021  0000000000100001 ( 162)                 .FILL x0021
(30D3) 0000  0000000000000000 ( 162)                 .FILL x0000
(30D4) 0045  0000000001000101 ( 163) ZERO            .FILL x0045
(30D5) 0052  0000000001010010 ( 163)                 .FILL x0052
(30D6) 0052  0000000001010010 ( 163)                 .FILL x0052
(30D7) 004F  0000000001001111 ( 163)                 .FILL x004F
(30D8) 0052  0000000001010010 ( 163)                 .FILL x0052
(30D9) 0020  0000000000100000 ( 163)                 .FILL x0020
(30DA) 0020  0000000000100000 ( 163)                 .FILL x0020
(30DB) 0020  0000000000100000 ( 163)                 .FILL x0020
(30DC) 0020  0000000000100000 ( 163)                 .FILL x0020
(30DD) 0000  0000000000000000 ( 163)                 .FILL x0000
(30DE) 004A  0000000001001010 ( 164) ONE             .FILL x004A
(30DF) 0061  0000000001100001 ( 164)                 .FILL x0061
(30E0) 006E  0000000001101110 ( 164)                 .FILL x006E
(30E1) 0075  0000000001110101 ( 164)                 .FILL x0075
(30E2) 0061  0000000001100001 ( 164)                 .FILL x0061
(30E3) 0072  0000000001110010 ( 164)                 .FILL x0072
(30E4) 0079  0000000001111001 ( 164)                 .FILL x0079
(30E5) 0020  0000000000100000 ( 164)                 .FILL x0020
(30E6) 0020  0000000000100000 ( 164)                 .FILL x0020
(30E7) 0000  0000000000000000 ( 164)                 .FILL x0000
(30E8) 0046  0000000001000110 ( 165) TWO             .FILL x0046
(30E9) 0065  0000000001100101 ( 165)                 .FILL x0065
(30EA) 0062  0000000001100010 ( 165)                 .FILL x0062
(30EB) 0072  0000000001110010 ( 165)                 .FILL x0072
(30EC) 0075  0000000001110101 ( 165)                 .FILL x0075
(30ED) 0061  0000000001100001 ( 165)                 .FILL x0061
(30EE) 0072  0000000001110010 ( 165)                 .FILL x0072
(30EF) 0079  0000000001111001 ( 165)                 .FILL x0079
(30F0) 0020  0000000000100000 ( 165)                 .FILL x0020
(30F1) 0000  0000000000000000 ( 165)                 .FILL x0000
(30F2) 004D  0000000001001101 ( 166) THREE           .FILL x004D
(30F3) 0061  0000000001100001 ( 166)                 .FILL x0061
(30F4) 0072  0000000001110010 ( 166)                 .FILL x0072
(30F5) 0063  0000000001100011 ( 166)                 .FILL x0063
(30F6) 0068  0000000001101000 ( 166)                 .FILL x0068
(30F7) 0020  0000000000100000 ( 166)                 .FILL x0020
(30F8) 0020  0000000000100000 ( 166)                 .FILL x0020
(30F9) 0020  0000000000100000 ( 166)                 .FILL x0020
(30FA) 0020  0000000000100000 ( 166)                 .FILL x0020
(30FB) 0000  0000000000000000 ( 166)                 .FILL x0000
(30FC) 0041  0000000001000001 ( 167) FOUR            .FILL x0041
(30FD) 0070  0000000001110000 ( 167)                 .FILL x0070
(30FE) 0072  0000000001110010 ( 167)                 .FILL x0072
(30FF) 0069  0000000001101001 ( 167)                 .FILL x0069
(3100) 006C  0000000001101100 ( 167)                 .FILL x006C
(3101) 0020  0000000000100000 ( 167)                 .FILL x0020
(3102) 0020  0000000000100000 ( 167)                 .FILL x0020
(3103) 0020  0000000000100000 ( 167)                 .FILL x0020
(3104) 0020  0000000000100000 ( 167)                 .FILL x0020
(3105) 0000  0000000000000000 ( 167)                 .FILL x0000
(3106) 004D  0000000001001101 ( 168) FIVE            .FILL x004D
(3107) 0061  0000000001100001 ( 168)                 .FILL x0061
(3108) 0079  0000000001111001 ( 168)                 .FILL x0079
(3109) 0020  0000000000100000 ( 168)                 .FILL x0020
(310A) 0020  0000000000100000 ( 168)                 .FILL x0020
(310B) 0020  0000000000100000 ( 168)                 .FILL x0020
(310C) 0020  0000000000100000 ( 168)                 .FILL x0020
(310D) 0020  0000000000100000 ( 168)                 .FILL x0020
(310E) 0020  0000000000100000 ( 168)                 .FILL x0020
(310F) 0000  0000000000000000 ( 168)                 .FILL x0000
(3110) 004A  0000000001001010 ( 169) SIX             .FILL x004A
(3111) 0075  0000000001110101 ( 169)                 .FILL x0075
(3112) 006E  0000000001101110 ( 169)                 .FILL x006E
(3113) 0065  0000000001100101 ( 169)                 .FILL x0065
(3114) 0020  0000000000100000 ( 169)                 .FILL x0020
(3115) 0020  0000000000100000 ( 169)                 .FILL x0020
(3116) 0020  0000000000100000 ( 169)                 .FILL x0020
(3117) 0020  0000000000100000 ( 169)                 .FILL x0020
(3118) 0020  0000000000100000 ( 169)                 .FILL x0020
(3119) 0000  0000000000000000 ( 169)                 .FILL x0000
(311A) 004A  0000000001001010 ( 170) SEVEN           .FILL x004A
(311B) 0075  0000000001110101 ( 170)                 .FILL x0075
(311C) 006C  0000000001101100 ( 170)                 .FILL x006C
(311D) 0079  0000000001111001 ( 170)                 .FILL x0079
(311E) 0020  0000000000100000 ( 170)                 .FILL x0020
(311F) 0020  0000000000100000 ( 170)                 .FILL x0020
(3120) 0020  0000000000100000 ( 170)                 .FILL x0020
(3121) 0020  0000000000100000 ( 170)                 .FILL x0020
(3122) 0020  0000000000100000 ( 170)                 .FILL x0020
(3123) 0000  0000000000000000 ( 170)                 .FILL x0000
(3124) 0041  0000000001000001 ( 171) EIGHT           .FILL x0041
(3125) 0075  0000000001110101 ( 171)                 .FILL x0075
(3126) 0067  0000000001100111 ( 171)                 .FILL x0067
(3127) 0075  0000000001110101 ( 171)                 .FILL x0075
(3128) 0073  0000000001110011 ( 171)                 .FILL x0073
(3129) 0074  0000000001110100 ( 171)                 .FILL x0074
(312A) 0020  0000000000100000 ( 171)                 .FILL x0020
(312B) 0020  0000000000100000 ( 171)                 .FILL x0020
(312C) 0020  0000000000100000 ( 171)                 .FILL x0020
(312D) 0000  0000000000000000 ( 171)                 .FILL x0000
(312E) 0053  0000000001010011 ( 172) NINE            .FILL x0053
(312F) 0065  0000000001100101 ( 172)                 .FILL x0065
(3130) 0070  0000000001110000 ( 172)                 .FILL x0070
(3131) 0074  0000000001110100 ( 172)                 .FILL x0074
(3132) 0065  0000000001100101 ( 172)                 .FILL x0065
(3133) 006D  0000000001101101 ( 172)                 .FILL x006D
(3134) 0062  0000000001100010 ( 172)                 .FILL x0062
(3135) 0065  0000000001100101 ( 172)                 .FILL x0065
(3136) 0072  0000000001110010 ( 172)                 .FILL x0072
(3137) 0000  0000000000000000 ( 172)                 .FILL x0000
(3138) 004F  0000000001001111 ( 173) TEN             .FILL x004F
(3139) 0063  0000000001100011 ( 173)                 .FILL x0063
(313A) 0074  0000000001110100 ( 173)                 .FILL x0074
(313B) 006F  0000000001101111 ( 173)                 .FILL x006F
(313C) 0062  0000000001100010 ( 173)                 .FILL x0062
(313D) 0065  0000000001100101 ( 173)                 .FILL x0065
(313E) 0072  0000000001110010 ( 173)                 .FILL x0072
(313F) 0020  0000000000100000 ( 173)                 .FILL x0020
(3140) 0020  0000000000100000 ( 173)                 .FILL x0020
(3141) 0000  0000000000000000 ( 173)                 .FILL x0000
(3142) 004E  0000000001001110 ( 174) ELEVEN          .FILL x004E
(3143) 006F  0000000001101111 ( 174)                 .FILL x006F
(3144) 0076  0000000001110110 ( 174)                 .FILL x0076
(3145) 0065  0000000001100101 ( 174)                 .FILL x0065
(3146) 006D  0000000001101101 ( 174)                 .FILL x006D
(3147) 0062  0000000001100010 ( 174)                 .FILL x0062
(3148) 0065  0000000001100101 ( 174)                 .FILL x0065
(3149) 0072  0000000001110010 ( 174)                 .FILL x0072
(314A) 0020  0000000000100000 ( 174)                 .FILL x0020
(314B) 0000  0000000000000000 ( 174)                 .FILL x0000
(314C) 0044  0000000001000100 ( 175) TWELVE          .FILL x0044
(314D) 0065  0000000001100101 ( 175)                 .FILL x0065
(314E) 0063  0000000001100011 ( 175)                 .FILL x0063
(314F) 0065  0000000001100101 ( 175)                 .FILL x0065
(3150) 006D  0000000001101101 ( 175)                 .FILL x006D
(3151) 0062  0000000001100010 ( 175)                 .FILL x0062
(3152) 0065  0000000001100101 ( 175)                 .FILL x0065
(3153) 0072  0000000001110010 ( 175)                 .FILL x0072
(3154) 0020  0000000000100000 ( 175)                 .FILL x0020
(3155) 0000  0000000000000000 ( 175)                 .FILL x0000
