(0000) 3000  0011000000000000 (   5)                 .ORIG x3000
(3000) E013  1110000000010011 (   6) RESTART         LEA   R0 PROMPT
(3001) F022  1111000000100010 (   7)                 TRAP  x22
(3002) F020  1111000000100000 (   8)                 TRAP  x20
(3003) 1620  0001011000100000 (   9)                 ADD   R3 R0 #0
(3004) 16F0  0001011011110000 (  10)                 ADD   R3 R3 #-16
(3005) 16F0  0001011011110000 (  11)                 ADD   R3 R3 #-16
(3006) 16F0  0001011011110000 (  12)                 ADD   R3 R3 #-16
(3007) 18FA  0001100011111010 (  13)                 ADD   R4 R3 #-6
(3008) 020A  0000001000001010 (  14)                 BRP   ERROR
(3009) E01F  1110000000011111 (  15)                 LEA   R0 DAYS
(300A) 16E0  0001011011100000 (  16)                 ADD   R3 R3 #0
(300B) 0403  0000010000000011 (  18) LOOP            BRZ   DISPLAY
(300C) 102A  0001000000101010 (  19)                 ADD   R0 R0 #10
(300D) 16FF  0001011011111111 (  20)                 ADD   R3 R3 #-1
(300E) 0FFC  0000111111111100 (  21)                 BRNZP LOOP
(300F) F022  1111000000100010 (  23) DISPLAY         TRAP  x22
(3010) E06C  1110000001101100 (  25)                 LEA   R0 LF
(3011) F022  1111000000100010 (  26)                 TRAP  x22
(3012) 0FED  0000111111101101 (  27)                 BRNZP RESTART
(3013) F025  1111000000100101 (  29) ERROR           TRAP  x25
(3014) 0045  0000000001000101 (  31) PROMPT          .FILL x0045
(3015) 004E  0000000001001110 (  31)                 .FILL x004E
(3016) 0054  0000000001010100 (  31)                 .FILL x0054
(3017) 0045  0000000001000101 (  31)                 .FILL x0045
(3018) 0052  0000000001010010 (  31)                 .FILL x0052
(3019) 0020  0000000000100000 (  31)                 .FILL x0020
(301A) 0041  0000000001000001 (  31)                 .FILL x0041
(301B) 0020  0000000000100000 (  31)                 .FILL x0020
(301C) 004E  0000000001001110 (  31)                 .FILL x004E
(301D) 0055  0000000001010101 (  31)                 .FILL x0055
(301E) 004D  0000000001001101 (  31)                 .FILL x004D
(301F) 0042  0000000001000010 (  31)                 .FILL x0042
(3020) 0045  0000000001000101 (  31)                 .FILL x0045
(3021) 0052  0000000001010010 (  31)                 .FILL x0052
(3022) 0020  0000000000100000 (  31)                 .FILL x0020
(3023) 0030  0000000000110000 (  31)                 .FILL x0030
(3024) 002D  0000000000101101 (  31)                 .FILL x002D
(3025) 0036  0000000000110110 (  31)                 .FILL x0036
(3026) 003A  0000000000111010 (  31)                 .FILL x003A
(3027) 0020  0000000000100000 (  31)                 .FILL x0020
(3028) 0000  0000000000000000 (  31)                 .FILL x0000
(3029) 0053  0000000001010011 (  33) DAYS            .FILL x0053
(302A) 0075  0000000001110101 (  33)                 .FILL x0075
(302B) 006E  0000000001101110 (  33)                 .FILL x006E
(302C) 0064  0000000001100100 (  33)                 .FILL x0064
(302D) 0061  0000000001100001 (  33)                 .FILL x0061
(302E) 0079  0000000001111001 (  33)                 .FILL x0079
(302F) 0020  0000000000100000 (  33)                 .FILL x0020
(3030) 0020  0000000000100000 (  33)                 .FILL x0020
(3031) 0020  0000000000100000 (  33)                 .FILL x0020
(3032) 0000  0000000000000000 (  33)                 .FILL x0000
(3033) 004D  0000000001001101 (  34)                 .FILL x004D
(3034) 006F  0000000001101111 (  34)                 .FILL x006F
(3035) 006E  0000000001101110 (  34)                 .FILL x006E
(3036) 0064  0000000001100100 (  34)                 .FILL x0064
(3037) 0061  0000000001100001 (  34)                 .FILL x0061
(3038) 0079  0000000001111001 (  34)                 .FILL x0079
(3039) 0020  0000000000100000 (  34)                 .FILL x0020
(303A) 0020  0000000000100000 (  34)                 .FILL x0020
(303B) 0020  0000000000100000 (  34)                 .FILL x0020
(303C) 0000  0000000000000000 (  34)                 .FILL x0000
(303D) 0054  0000000001010100 (  35)                 .FILL x0054
(303E) 0075  0000000001110101 (  35)                 .FILL x0075
(303F) 0065  0000000001100101 (  35)                 .FILL x0065
(3040) 0073  0000000001110011 (  35)                 .FILL x0073
(3041) 0064  0000000001100100 (  35)                 .FILL x0064
(3042) 0061  0000000001100001 (  35)                 .FILL x0061
(3043) 0079  0000000001111001 (  35)                 .FILL x0079
(3044) 0020  0000000000100000 (  35)                 .FILL x0020
(3045) 0020  0000000000100000 (  35)                 .FILL x0020
(3046) 0000  0000000000000000 (  35)                 .FILL x0000
(3047) 0057  0000000001010111 (  36)                 .FILL x0057
(3048) 0065  0000000001100101 (  36)                 .FILL x0065
(3049) 006E  0000000001101110 (  36)                 .FILL x006E
(304A) 0064  0000000001100100 (  36)                 .FILL x0064
(304B) 0073  0000000001110011 (  36)                 .FILL x0073
(304C) 0064  0000000001100100 (  36)                 .FILL x0064
(304D) 0061  0000000001100001 (  36)                 .FILL x0061
(304E) 0079  0000000001111001 (  36)                 .FILL x0079
(304F) 0020  0000000000100000 (  36)                 .FILL x0020
(3050) 0000  0000000000000000 (  36)                 .FILL x0000
(3051) 0054  0000000001010100 (  37)                 .FILL x0054
(3052) 0068  0000000001101000 (  37)                 .FILL x0068
(3053) 0075  0000000001110101 (  37)                 .FILL x0075
(3054) 0072  0000000001110010 (  37)                 .FILL x0072
(3055) 0073  0000000001110011 (  37)                 .FILL x0073
(3056) 0064  0000000001100100 (  37)                 .FILL x0064
(3057) 0061  0000000001100001 (  37)                 .FILL x0061
(3058) 0079  0000000001111001 (  37)                 .FILL x0079
(3059) 0020  0000000000100000 (  37)                 .FILL x0020
(305A) 0000  0000000000000000 (  37)                 .FILL x0000
(305B) 0046  0000000001000110 (  38)                 .FILL x0046
(305C) 0072  0000000001110010 (  38)                 .FILL x0072
(305D) 0069  0000000001101001 (  38)                 .FILL x0069
(305E) 0064  0000000001100100 (  38)                 .FILL x0064
(305F) 0061  0000000001100001 (  38)                 .FILL x0061
(3060) 0079  0000000001111001 (  38)                 .FILL x0079
(3061) 0020  0000000000100000 (  38)                 .FILL x0020
(3062) 0020  0000000000100000 (  38)                 .FILL x0020
(3063) 0020  0000000000100000 (  38)                 .FILL x0020
(3064) 0000  0000000000000000 (  38)                 .FILL x0000
(3065) 0053  0000000001010011 (  39)                 .FILL x0053
(3066) 0061  0000000001100001 (  39)                 .FILL x0061
(3067) 0074  0000000001110100 (  39)                 .FILL x0074
(3068) 0075  0000000001110101 (  39)                 .FILL x0075
(3069) 0072  0000000001110010 (  39)                 .FILL x0072
(306A) 0064  0000000001100100 (  39)                 .FILL x0064
(306B) 0061  0000000001100001 (  39)                 .FILL x0061
(306C) 0079  0000000001111001 (  39)                 .FILL x0079
(306D) 0020  0000000000100000 (  39)                 .FILL x0020
(306E) 0000  0000000000000000 (  39)                 .FILL x0000
(306F) 0049  0000000001001001 (  40)                 .FILL x0049
(3070) 004E  0000000001001110 (  40)                 .FILL x004E
(3071) 0056  0000000001010110 (  40)                 .FILL x0056
(3072) 0041  0000000001000001 (  40)                 .FILL x0041
(3073) 004C  0000000001001100 (  40)                 .FILL x004C
(3074) 0049  0000000001001001 (  40)                 .FILL x0049
(3075) 0044  0000000001000100 (  40)                 .FILL x0044
(3076) 0020  0000000000100000 (  40)                 .FILL x0020
(3077) 0049  0000000001001001 (  40)                 .FILL x0049
(3078) 004E  0000000001001110 (  40)                 .FILL x004E
(3079) 0050  0000000001010000 (  40)                 .FILL x0050
(307A) 0055  0000000001010101 (  40)                 .FILL x0055
(307B) 0054  0000000001010100 (  40)                 .FILL x0054
(307C) 0000  0000000000000000 (  40)                 .FILL x0000
(307D) 000A  0000000000001010 (  42) LF              .FILL x000A
