(0000) 3000  0011000000000000 (   1)                 .ORIG x3000
(3000) F023  1111000000100011 (   4)                 TRAP  x23
(3001) 2637  0010011000110111 (   6)                 LD    R3 HEXN30
(3002) 1003  0001000000000011 (   8)                 ADD   R0 R0 R3
(3003) 1220  0001001000100000 (  10)                 ADD   R1 R0 #0
(3004) F023  1111000000100011 (  12)                 TRAP  x23
(3005) 1003  0001000000000011 (  14)                 ADD   R0 R0 R3
(3006) 1401  0001010000000001 (  18)                 ADD   R2 R0 R1
(3007) E00F  1110000000001111 (  22)                 LEA   R0 MESG
(3008) F022  1111000000100010 (  24)                 TRAP  x22
(3009) 10A0  0001000010100000 (  26)                 ADD   R0 R2 #0
(300A) 2430  0010010000110000 (  29)                 LD    R2 NEG_TEN
(300B) 1480  0001010010000000 (  30)                 ADD   R2 R2 R0
(300C) 0806  0000100000000110 (  31)                 BRN   JUMP
(300D) 5920  0101100100100000 (  32)                 AND   R4 R4 #0
(300E) 1902  0001100100000010 (  33)                 ADD   R4 R4 R2
(300F) 202C  0010000000101100 (  34)                 LD    R0 ASCII_1
(3010) F021  1111000000100001 (  35)                 TRAP  x21
(3011) 5020  0101000000100000 (  36)                 AND   R0 R0 #0
(3012) 1004  0001000000000100 (  37)                 ADD   R0 R0 R4
(3013) 2626  0010011000100110 (  42) JUMP            LD    R3 HEX30
(3014) 1003  0001000000000011 (  43)                 ADD   R0 R0 R3
(3015) F021  1111000000100001 (  44)                 TRAP  x21
(3016) F025  1111000000100101 (  48)                 TRAP  x25
(3017) 0054  0000000001010100 (  52) MESG            .FILL x0054
(3018) 0068  0000000001101000 (  52)                 .FILL x0068
(3019) 0065  0000000001100101 (  52)                 .FILL x0065
(301A) 0020  0000000000100000 (  52)                 .FILL x0020
(301B) 0073  0000000001110011 (  52)                 .FILL x0073
(301C) 0075  0000000001110101 (  52)                 .FILL x0075
(301D) 006D  0000000001101101 (  52)                 .FILL x006D
(301E) 0020  0000000000100000 (  52)                 .FILL x0020
(301F) 006F  0000000001101111 (  52)                 .FILL x006F
(3020) 0066  0000000001100110 (  52)                 .FILL x0066
(3021) 0020  0000000000100000 (  52)                 .FILL x0020
(3022) 0074  0000000001110100 (  52)                 .FILL x0074
(3023) 0068  0000000001101000 (  52)                 .FILL x0068
(3024) 006F  0000000001101111 (  52)                 .FILL x006F
(3025) 0073  0000000001110011 (  52)                 .FILL x0073
(3026) 0065  0000000001100101 (  52)                 .FILL x0065
(3027) 0020  0000000000100000 (  52)                 .FILL x0020
(3028) 0074  0000000001110100 (  52)                 .FILL x0074
(3029) 0077  0000000001110111 (  52)                 .FILL x0077
(302A) 006F  0000000001101111 (  52)                 .FILL x006F
(302B) 0020  0000000000100000 (  52)                 .FILL x0020
(302C) 006E  0000000001101110 (  52)                 .FILL x006E
(302D) 0075  0000000001110101 (  52)                 .FILL x0075
(302E) 006D  0000000001101101 (  52)                 .FILL x006D
(302F) 0062  0000000001100010 (  52)                 .FILL x0062
(3030) 0065  0000000001100101 (  52)                 .FILL x0065
(3031) 0072  0000000001110010 (  52)                 .FILL x0072
(3032) 0073  0000000001110011 (  52)                 .FILL x0073
(3033) 0020  0000000000100000 (  52)                 .FILL x0020
(3034) 0069  0000000001101001 (  52)                 .FILL x0069
(3035) 0073  0000000001110011 (  52)                 .FILL x0073
(3036) 003A  0000000000111010 (  52)                 .FILL x003A
(3037) 0020  0000000000100000 (  52)                 .FILL x0020
(3038) 0000  0000000000000000 (  52)                 .FILL x0000
(3039) FFD0  1111111111010000 (  54) HEXN30          .FILL xFFD0
(303A) 0030  0000000000110000 (  56) HEX30           .FILL x0030
(303B) FFF6  1111111111110110 (  58) NEG_TEN         .FILL xFFF6
(303C) 0031  0000000000110001 (  60) ASCII_1         .FILL x0031
