(0000) 3000  0011000000000000 (   1)                 .ORIG x3000
(3000) E06B  1110000001101011 (   2)                 LEA   R0 CLASS
(3001) F022  1111000000100010 (   3)                 TRAP  x22
(3002) E071  1110000001110001 (   4)                 LEA   R0 MYNAME
(3003) F022  1111000000100010 (   5)                 TRAP  x22
(3004) E07C  1110000001111100 (   6)                 LEA   R0 PRNUM
(3005) F022  1111000000100010 (   7)                 TRAP  x22
(3006) E061  1110000001100001 (   8)                 LEA   R0 NWLINE
(3007) F022  1111000000100010 (   9)                 TRAP  x22
(3008) E0A2  1110000010100010 (  13) ASKINP          LEA   R0 INPPROM
(3009) F022  1111000000100010 (  14)                 TRAP  x22
(300A) F020  1111000000100000 (  15)                 TRAP  x20
(300B) 1420  0001010000100000 (  16)                 ADD   R2 R0 #0
(300C) 14B1  0001010010110001 (  24)                 ADD   R2 R2 #-15
(300D) 14B1  0001010010110001 (  25)                 ADD   R2 R2 #-15
(300E) 14BD  0001010010111101 (  26)                 ADD   R2 R2 #-3
(300F) 084E  0000100001001110 (  27)                 BRN   XERR
(3010) F021  1111000000100001 (  30)                 TRAP  x21
(3011) E058  1110000001011000 (  31)                 LEA   R0 SPACE
(3012) F022  1111000000100010 (  32)                 TRAP  x22
(3013) 5020  0101000000100000 (  33)                 AND   R0 R0 #0
(3014) 12A0  0001001010100000 (  44)                 ADD   R1 R2 #0
(3015) 044D  0000010001001101 (  45)                 BRZ   XDONE
(3016) 14B1  0001010010110001 (  47)                 ADD   R2 R2 #-15
(3017) 12B7  0001001010110111 (  48)                 ADD   R1 R2 #-9
(3018) 0440  0000010001000000 (  49)                 BRZ   XNINE
(3019) 12B8  0001001010111000 (  50)                 ADD   R1 R2 #-8
(301A) 0439  0000010000111001 (  51)                 BRZ   XEIGHT
(301B) 12B9  0001001010111001 (  52)                 ADD   R1 R2 #-7
(301C) 0432  0000010000110010 (  53)                 BRZ   XSEVEN
(301D) 12BA  0001001010111010 (  54)                 ADD   R1 R2 #-6
(301E) 042B  0000010000101011 (  55)                 BRZ   XSIX
(301F) 12BB  0001001010111011 (  56)                 ADD   R1 R2 #-5
(3020) 0424  0000010000100100 (  57)                 BRZ   XFIVE
(3021) 12BC  0001001010111100 (  58)                 ADD   R1 R2 #-4
(3022) 041D  0000010000011101 (  59)                 BRZ   XFOUR
(3023) 12BD  0001001010111101 (  60)                 ADD   R1 R2 #-3
(3024) 0416  0000010000010110 (  61)                 BRZ   XTHREE
(3025) 12BE  0001001010111110 (  62)                 ADD   R1 R2 #-2
(3026) 040F  0000010000001111 (  63)                 BRZ   XTWO
(3027) 12BF  0001001010111111 (  64)                 ADD   R1 R2 #-1
(3028) 0408  0000010000001000 (  65)                 BRZ   XONE
(3029) 12A0  0001001010100000 (  66)                 ADD   R1 R2 #0
(302A) 0401  0000010000000001 (  67)                 BRZ   XZERO
(302B) 0E32  0000111000110010 (  69)                 BRNZP XERR
(302C) E0BC  1110000010111100 (  77) XZERO           LEA   R0 ZERO
(302D) F022  1111000000100010 (  78)                 TRAP  x22
(302E) E039  1110000000111001 (  79)                 LEA   R0 NWLINE
(302F) F022  1111000000100010 (  80)                 TRAP  x22
(3030) 0FD7  0000111111010111 (  81)                 BRNZP ASKINP
(3031) E0C1  1110000011000001 (  82) XONE            LEA   R0 ONE
(3032) F022  1111000000100010 (  83)                 TRAP  x22
(3033) E034  1110000000110100 (  84)                 LEA   R0 NWLINE
(3034) F022  1111000000100010 (  85)                 TRAP  x22
(3035) 0FD2  0000111111010010 (  86)                 BRNZP ASKINP
(3036) E0C6  1110000011000110 (  87) XTWO            LEA   R0 TWO
(3037) F022  1111000000100010 (  88)                 TRAP  x22
(3038) E02F  1110000000101111 (  89)                 LEA   R0 NWLINE
(3039) F022  1111000000100010 (  90)                 TRAP  x22
(303A) 0FCD  0000111111001101 (  91)                 BRNZP ASKINP
(303B) E0CB  1110000011001011 (  92) XTHREE          LEA   R0 THREE
(303C) F022  1111000000100010 (  93)                 TRAP  x22
(303D) E02A  1110000000101010 (  94)                 LEA   R0 NWLINE
(303E) F022  1111000000100010 (  95)                 TRAP  x22
(303F) 0FC8  0000111111001000 (  96)                 BRNZP ASKINP
(3040) E0D0  1110000011010000 (  97) XFOUR           LEA   R0 FOUR
(3041) F022  1111000000100010 (  98)                 TRAP  x22
(3042) E025  1110000000100101 (  99)                 LEA   R0 NWLINE
(3043) F022  1111000000100010 ( 100)                 TRAP  x22
(3044) 0FC3  0000111111000011 ( 101)                 BRNZP ASKINP
(3045) E0D5  1110000011010101 ( 102) XFIVE           LEA   R0 FIVE
(3046) F022  1111000000100010 ( 103)                 TRAP  x22
(3047) E020  1110000000100000 ( 104)                 LEA   R0 NWLINE
(3048) F022  1111000000100010 ( 105)                 TRAP  x22
(3049) 0FBE  0000111110111110 ( 106)                 BRNZP ASKINP
(304A) E0DA  1110000011011010 ( 107) XSIX            LEA   R0 SIX
(304B) F022  1111000000100010 ( 108)                 TRAP  x22
(304C) E01B  1110000000011011 ( 109)                 LEA   R0 NWLINE
(304D) F022  1111000000100010 ( 110)                 TRAP  x22
(304E) 0FB9  0000111110111001 ( 111)                 BRNZP ASKINP
(304F) E0DF  1110000011011111 ( 112) XSEVEN          LEA   R0 SEVEN
(3050) F022  1111000000100010 ( 113)                 TRAP  x22
(3051) E016  1110000000010110 ( 114)                 LEA   R0 NWLINE
(3052) F022  1111000000100010 ( 115)                 TRAP  x22
(3053) 0FB4  0000111110110100 ( 116)                 BRNZP ASKINP
(3054) E0E4  1110000011100100 ( 117) XEIGHT          LEA   R0 EIGHT
(3055) F022  1111000000100010 ( 118)                 TRAP  x22
(3056) E011  1110000000010001 ( 119)                 LEA   R0 NWLINE
(3057) F022  1111000000100010 ( 120)                 TRAP  x22
(3058) 0FAF  0000111110101111 ( 121)                 BRNZP ASKINP
(3059) E0E9  1110000011101001 ( 122) XNINE           LEA   R0 NINE
(305A) F022  1111000000100010 ( 123)                 TRAP  x22
(305B) E00C  1110000000001100 ( 124)                 LEA   R0 NWLINE
(305C) F022  1111000000100010 ( 125)                 TRAP  x22
(305D) 0FAA  0000111110101010 ( 126)                 BRNZP ASKINP
(305E) E061  1110000001100001 ( 127) XERR            LEA   R0 INPERR
(305F) F022  1111000000100010 ( 128)                 TRAP  x22
(3060) E007  1110000000000111 ( 129)                 LEA   R0 NWLINE
(3061) F022  1111000000100010 ( 130)                 TRAP  x22
(3062) 0FA5  0000111110100101 ( 131)                 BRNZP ASKINP
(3063) E07F  1110000001111111 ( 132) XDONE           LEA   R0 DONE
(3064) F022  1111000000100010 ( 133)                 TRAP  x22
(3065) E002  1110000000000010 ( 134)                 LEA   R0 NWLINE
(3066) F022  1111000000100010 ( 135)                 TRAP  x22
(3067) F025  1111000000100101 ( 136)                 TRAP  x25
(3068) 000A  0000000000001010 ( 139) NWLINE          .FILL x000A
(3069) 0000  0000000000000000 ( 139)                 .FILL x0000
(306A) 0020  0000000000100000 ( 140) SPACE           .FILL x0020
(306B) 0000  0000000000000000 ( 140)                 .FILL x0000
(306C) 0043  0000000001000011 ( 141) CLASS           .FILL x0043
(306D) 0053  0000000001010011 ( 141)                 .FILL x0053
(306E) 0032  0000000000110010 ( 141)                 .FILL x0032
(306F) 0038  0000000000111000 ( 141)                 .FILL x0038
(3070) 0031  0000000000110001 ( 141)                 .FILL x0031
(3071) 0030  0000000000110000 ( 141)                 .FILL x0030
(3072) 000A  0000000000001010 ( 141)                 .FILL x000A
(3073) 0000  0000000000000000 ( 141)                 .FILL x0000
(3074) 004A  0000000001001010 ( 142) MYNAME          .FILL x004A
(3075) 0061  0000000001100001 ( 142)                 .FILL x0061
(3076) 006D  0000000001101101 ( 142)                 .FILL x006D
(3077) 0065  0000000001100101 ( 142)                 .FILL x0065
(3078) 0073  0000000001110011 ( 142)                 .FILL x0073
(3079) 0020  0000000000100000 ( 142)                 .FILL x0020
(307A) 004C  0000000001001100 ( 142)                 .FILL x004C
(307B) 006F  0000000001101111 ( 142)                 .FILL x006F
(307C) 0068  0000000001101000 ( 142)                 .FILL x0068
(307D) 0073  0000000001110011 ( 142)                 .FILL x0073
(307E) 0065  0000000001100101 ( 142)                 .FILL x0065
(307F) 000A  0000000000001010 ( 142)                 .FILL x000A
(3080) 0000  0000000000000000 ( 142)                 .FILL x0000
(3081) 0050  0000000001010000 ( 143) PRNUM           .FILL x0050
(3082) 0072  0000000001110010 ( 143)                 .FILL x0072
(3083) 006F  0000000001101111 ( 143)                 .FILL x006F
(3084) 006A  0000000001101010 ( 143)                 .FILL x006A
(3085) 0065  0000000001100101 ( 143)                 .FILL x0065
(3086) 0063  0000000001100011 ( 143)                 .FILL x0063
(3087) 0074  0000000001110100 ( 143)                 .FILL x0074
(3088) 0020  0000000000100000 ( 143)                 .FILL x0020
(3089) 0033  0000000000110011 ( 143)                 .FILL x0033
(308A) 000A  0000000000001010 ( 143)                 .FILL x000A
(308B) 0000  0000000000000000 ( 143)                 .FILL x0000
(308C) 0050  0000000001010000 ( 144) BYEBYE          .FILL x0050
(308D) 0072  0000000001110010 ( 144)                 .FILL x0072
(308E) 006F  0000000001101111 ( 144)                 .FILL x006F
(308F) 0067  0000000001100111 ( 144)                 .FILL x0067
(3090) 0072  0000000001110010 ( 144)                 .FILL x0072
(3091) 0061  0000000001100001 ( 144)                 .FILL x0061
(3092) 006D  0000000001101101 ( 144)                 .FILL x006D
(3093) 0020  0000000000100000 ( 144)                 .FILL x0020
(3094) 0065  0000000001100101 ( 144)                 .FILL x0065
(3095) 0078  0000000001111000 ( 144)                 .FILL x0078
(3096) 0065  0000000001100101 ( 144)                 .FILL x0065
(3097) 0063  0000000001100011 ( 144)                 .FILL x0063
(3098) 0075  0000000001110101 ( 144)                 .FILL x0075
(3099) 0074  0000000001110100 ( 144)                 .FILL x0074
(309A) 0069  0000000001101001 ( 144)                 .FILL x0069
(309B) 006F  0000000001101111 ( 144)                 .FILL x006F
(309C) 006E  0000000001101110 ( 144)                 .FILL x006E
(309D) 0020  0000000000100000 ( 144)                 .FILL x0020
(309E) 0074  0000000001110100 ( 144)                 .FILL x0074
(309F) 0065  0000000001100101 ( 144)                 .FILL x0065
(30A0) 0072  0000000001110010 ( 144)                 .FILL x0072
(30A1) 006D  0000000001101101 ( 144)                 .FILL x006D
(30A2) 0069  0000000001101001 ( 144)                 .FILL x0069
(30A3) 006E  0000000001101110 ( 144)                 .FILL x006E
(30A4) 0061  0000000001100001 ( 144)                 .FILL x0061
(30A5) 0074  0000000001110100 ( 144)                 .FILL x0074
(30A6) 0065  0000000001100101 ( 144)                 .FILL x0065
(30A7) 0064  0000000001100100 ( 144)                 .FILL x0064
(30A8) 0021  0000000000100001 ( 144)                 .FILL x0021
(30A9) 000A  0000000000001010 ( 144)                 .FILL x000A
(30AA) 0000  0000000000000000 ( 144)                 .FILL x0000
(30AB) 0049  0000000001001001 ( 145) INPPROM         .FILL x0049
(30AC) 006E  0000000001101110 ( 145)                 .FILL x006E
(30AD) 0070  0000000001110000 ( 145)                 .FILL x0070
(30AE) 0075  0000000001110101 ( 145)                 .FILL x0075
(30AF) 0074  0000000001110100 ( 145)                 .FILL x0074
(30B0) 0020  0000000000100000 ( 145)                 .FILL x0020
(30B1) 0061  0000000001100001 ( 145)                 .FILL x0061
(30B2) 0020  0000000000100000 ( 145)                 .FILL x0020
(30B3) 006E  0000000001101110 ( 145)                 .FILL x006E
(30B4) 0075  0000000001110101 ( 145)                 .FILL x0075
(30B5) 006D  0000000001101101 ( 145)                 .FILL x006D
(30B6) 0062  0000000001100010 ( 145)                 .FILL x0062
(30B7) 0065  0000000001100101 ( 145)                 .FILL x0065
(30B8) 0072  0000000001110010 ( 145)                 .FILL x0072
(30B9) 0020  0000000000100000 ( 145)                 .FILL x0020
(30BA) 0030  0000000000110000 ( 145)                 .FILL x0030
(30BB) 002D  0000000000101101 ( 145)                 .FILL x002D
(30BC) 0039  0000000000111001 ( 145)                 .FILL x0039
(30BD) 003A  0000000000111010 ( 145)                 .FILL x003A
(30BE) 0020  0000000000100000 ( 145)                 .FILL x0020
(30BF) 0000  0000000000000000 ( 145)                 .FILL x0000
(30C0) 0045  0000000001000101 ( 146) INPERR          .FILL x0045
(30C1) 0072  0000000001110010 ( 146)                 .FILL x0072
(30C2) 0072  0000000001110010 ( 146)                 .FILL x0072
(30C3) 006F  0000000001101111 ( 146)                 .FILL x006F
(30C4) 0072  0000000001110010 ( 146)                 .FILL x0072
(30C5) 0021  0000000000100001 ( 146)                 .FILL x0021
(30C6) 0020  0000000000100000 ( 146)                 .FILL x0020
(30C7) 0059  0000000001011001 ( 146)                 .FILL x0059
(30C8) 006F  0000000001101111 ( 146)                 .FILL x006F
(30C9) 0075  0000000001110101 ( 146)                 .FILL x0075
(30CA) 0020  0000000000100000 ( 146)                 .FILL x0020
(30CB) 0064  0000000001100100 ( 146)                 .FILL x0064
(30CC) 0069  0000000001101001 ( 146)                 .FILL x0069
(30CD) 0064  0000000001100100 ( 146)                 .FILL x0064
(30CE) 0020  0000000000100000 ( 146)                 .FILL x0020
(30CF) 006E  0000000001101110 ( 146)                 .FILL x006E
(30D0) 006F  0000000001101111 ( 146)                 .FILL x006F
(30D1) 0074  0000000001110100 ( 146)                 .FILL x0074
(30D2) 0020  0000000000100000 ( 146)                 .FILL x0020
(30D3) 0069  0000000001101001 ( 146)                 .FILL x0069
(30D4) 006E  0000000001101110 ( 146)                 .FILL x006E
(30D5) 0070  0000000001110000 ( 146)                 .FILL x0070
(30D6) 0075  0000000001110101 ( 146)                 .FILL x0075
(30D7) 0074  0000000001110100 ( 146)                 .FILL x0074
(30D8) 0020  0000000000100000 ( 146)                 .FILL x0020
(30D9) 0061  0000000001100001 ( 146)                 .FILL x0061
(30DA) 0020  0000000000100000 ( 146)                 .FILL x0020
(30DB) 006E  0000000001101110 ( 146)                 .FILL x006E
(30DC) 0075  0000000001110101 ( 146)                 .FILL x0075
(30DD) 006D  0000000001101101 ( 146)                 .FILL x006D
(30DE) 0062  0000000001100010 ( 146)                 .FILL x0062
(30DF) 0065  0000000001100101 ( 146)                 .FILL x0065
(30E0) 0072  0000000001110010 ( 146)                 .FILL x0072
(30E1) 002E  0000000000101110 ( 146)                 .FILL x002E
(30E2) 0000  0000000000000000 ( 146)                 .FILL x0000
(30E3) 0044  0000000001000100 ( 147) DONE            .FILL x0044
(30E4) 006F  0000000001101111 ( 147)                 .FILL x006F
(30E5) 006E  0000000001101110 ( 147)                 .FILL x006E
(30E6) 0065  0000000001100101 ( 147)                 .FILL x0065
(30E7) 0021  0000000000100001 ( 147)                 .FILL x0021
(30E8) 0000  0000000000000000 ( 147)                 .FILL x0000
(30E9) 004A  0000000001001010 ( 148) ZERO            .FILL x004A
(30EA) 0061  0000000001100001 ( 148)                 .FILL x0061
(30EB) 006E  0000000001101110 ( 148)                 .FILL x006E
(30EC) 0075  0000000001110101 ( 148)                 .FILL x0075
(30ED) 0061  0000000001100001 ( 148)                 .FILL x0061
(30EE) 0072  0000000001110010 ( 148)                 .FILL x0072
(30EF) 0079  0000000001111001 ( 148)                 .FILL x0079
(30F0) 0020  0000000000100000 ( 148)                 .FILL x0020
(30F1) 0020  0000000000100000 ( 148)                 .FILL x0020
(30F2) 0000  0000000000000000 ( 148)                 .FILL x0000
(30F3) 0046  0000000001000110 ( 149) ONE             .FILL x0046
(30F4) 0065  0000000001100101 ( 149)                 .FILL x0065
(30F5) 0062  0000000001100010 ( 149)                 .FILL x0062
(30F6) 0072  0000000001110010 ( 149)                 .FILL x0072
(30F7) 0075  0000000001110101 ( 149)                 .FILL x0075
(30F8) 0061  0000000001100001 ( 149)                 .FILL x0061
(30F9) 0072  0000000001110010 ( 149)                 .FILL x0072
(30FA) 0079  0000000001111001 ( 149)                 .FILL x0079
(30FB) 0020  0000000000100000 ( 149)                 .FILL x0020
(30FC) 0000  0000000000000000 ( 149)                 .FILL x0000
(30FD) 004D  0000000001001101 ( 150) TWO             .FILL x004D
(30FE) 0061  0000000001100001 ( 150)                 .FILL x0061
(30FF) 0072  0000000001110010 ( 150)                 .FILL x0072
(3100) 0063  0000000001100011 ( 150)                 .FILL x0063
(3101) 0068  0000000001101000 ( 150)                 .FILL x0068
(3102) 0020  0000000000100000 ( 150)                 .FILL x0020
(3103) 0020  0000000000100000 ( 150)                 .FILL x0020
(3104) 0020  0000000000100000 ( 150)                 .FILL x0020
(3105) 0020  0000000000100000 ( 150)                 .FILL x0020
(3106) 0000  0000000000000000 ( 150)                 .FILL x0000
(3107) 0041  0000000001000001 ( 151) THREE           .FILL x0041
(3108) 0070  0000000001110000 ( 151)                 .FILL x0070
(3109) 0072  0000000001110010 ( 151)                 .FILL x0072
(310A) 0069  0000000001101001 ( 151)                 .FILL x0069
(310B) 006C  0000000001101100 ( 151)                 .FILL x006C
(310C) 0020  0000000000100000 ( 151)                 .FILL x0020
(310D) 0020  0000000000100000 ( 151)                 .FILL x0020
(310E) 0020  0000000000100000 ( 151)                 .FILL x0020
(310F) 0020  0000000000100000 ( 151)                 .FILL x0020
(3110) 0000  0000000000000000 ( 151)                 .FILL x0000
(3111) 004D  0000000001001101 ( 152) FOUR            .FILL x004D
(3112) 0061  0000000001100001 ( 152)                 .FILL x0061
(3113) 0079  0000000001111001 ( 152)                 .FILL x0079
(3114) 0020  0000000000100000 ( 152)                 .FILL x0020
(3115) 0020  0000000000100000 ( 152)                 .FILL x0020
(3116) 0020  0000000000100000 ( 152)                 .FILL x0020
(3117) 0020  0000000000100000 ( 152)                 .FILL x0020
(3118) 0020  0000000000100000 ( 152)                 .FILL x0020
(3119) 0020  0000000000100000 ( 152)                 .FILL x0020
(311A) 0000  0000000000000000 ( 152)                 .FILL x0000
(311B) 004A  0000000001001010 ( 153) FIVE            .FILL x004A
(311C) 0075  0000000001110101 ( 153)                 .FILL x0075
(311D) 006E  0000000001101110 ( 153)                 .FILL x006E
(311E) 0065  0000000001100101 ( 153)                 .FILL x0065
(311F) 0020  0000000000100000 ( 153)                 .FILL x0020
(3120) 0020  0000000000100000 ( 153)                 .FILL x0020
(3121) 0020  0000000000100000 ( 153)                 .FILL x0020
(3122) 0020  0000000000100000 ( 153)                 .FILL x0020
(3123) 0020  0000000000100000 ( 153)                 .FILL x0020
(3124) 0000  0000000000000000 ( 153)                 .FILL x0000
(3125) 004A  0000000001001010 ( 154) SIX             .FILL x004A
(3126) 0075  0000000001110101 ( 154)                 .FILL x0075
(3127) 006C  0000000001101100 ( 154)                 .FILL x006C
(3128) 0079  0000000001111001 ( 154)                 .FILL x0079
(3129) 0020  0000000000100000 ( 154)                 .FILL x0020
(312A) 0020  0000000000100000 ( 154)                 .FILL x0020
(312B) 0020  0000000000100000 ( 154)                 .FILL x0020
(312C) 0020  0000000000100000 ( 154)                 .FILL x0020
(312D) 0020  0000000000100000 ( 154)                 .FILL x0020
(312E) 0000  0000000000000000 ( 154)                 .FILL x0000
(312F) 0041  0000000001000001 ( 155) SEVEN           .FILL x0041
(3130) 0075  0000000001110101 ( 155)                 .FILL x0075
(3131) 0067  0000000001100111 ( 155)                 .FILL x0067
(3132) 0075  0000000001110101 ( 155)                 .FILL x0075
(3133) 0073  0000000001110011 ( 155)                 .FILL x0073
(3134) 0074  0000000001110100 ( 155)                 .FILL x0074
(3135) 0020  0000000000100000 ( 155)                 .FILL x0020
(3136) 0020  0000000000100000 ( 155)                 .FILL x0020
(3137) 0020  0000000000100000 ( 155)                 .FILL x0020
(3138) 0000  0000000000000000 ( 155)                 .FILL x0000
(3139) 0053  0000000001010011 ( 156) EIGHT           .FILL x0053
(313A) 0065  0000000001100101 ( 156)                 .FILL x0065
(313B) 0070  0000000001110000 ( 156)                 .FILL x0070
(313C) 0074  0000000001110100 ( 156)                 .FILL x0074
(313D) 0065  0000000001100101 ( 156)                 .FILL x0065
(313E) 006D  0000000001101101 ( 156)                 .FILL x006D
(313F) 0062  0000000001100010 ( 156)                 .FILL x0062
(3140) 0065  0000000001100101 ( 156)                 .FILL x0065
(3141) 0072  0000000001110010 ( 156)                 .FILL x0072
(3142) 0000  0000000000000000 ( 156)                 .FILL x0000
(3143) 004F  0000000001001111 ( 157) NINE            .FILL x004F
(3144) 0063  0000000001100011 ( 157)                 .FILL x0063
(3145) 0074  0000000001110100 ( 157)                 .FILL x0074
(3146) 006F  0000000001101111 ( 157)                 .FILL x006F
(3147) 0062  0000000001100010 ( 157)                 .FILL x0062
(3148) 0065  0000000001100101 ( 157)                 .FILL x0065
(3149) 0072  0000000001110010 ( 157)                 .FILL x0072
(314A) 0020  0000000000100000 ( 157)                 .FILL x0020
(314B) 0020  0000000000100000 ( 157)                 .FILL x0020
(314C) 0000  0000000000000000 ( 157)                 .FILL x0000
