(0000) 3000  0011000000000000 (  17)                 .ORIG x3000
(3000) E013  1110000000010011 (  18) RESTART         LEA   R0 PROMPT
(3001) F022  1111000000100010 (  19)                 TRAP  x22
(3002) F020  1111000000100000 (  20)                 TRAP  x20
(3003) 1620  0001011000100000 (  21)                 ADD   R3 R0 #0
(3004) 16F0  0001011011110000 (  22)                 ADD   R3 R3 #-16
(3005) 16F0  0001011011110000 (  23)                 ADD   R3 R3 #-16
(3006) 16F0  0001011011110000 (  24)                 ADD   R3 R3 #-16
(3007) 18FA  0001100011111010 (  25)                 ADD   R4 R3 #-6
(3008) 020A  0000001000001010 (  26)                 BRP   ERROR
(3009) E020  1110000000100000 (  27)                 LEA   R0 DAYS
(300A) 16E0  0001011011100000 (  28)                 ADD   R3 R3 #0
(300B) 0403  0000010000000011 (  30) LOOP            BRZ   DISPLAY
(300C) 102A  0001000000101010 (  31)                 ADD   R0 R0 #10
(300D) 16FF  0001011011111111 (  32)                 ADD   R3 R3 #-1
(300E) 0FFC  0000111111111100 (  33)                 BRNZP LOOP
(300F) F022  1111000000100010 (  35) DISPLAY         TRAP  x22
(3010) E0AB  1110000010101011 (  37)                 LEA   R0 LF
(3011) F022  1111000000100010 (  38)                 TRAP  x22
(3012) 0FED  0000111111101101 (  39)                 BRNZP RESTART
(3013) F025  1111000000100101 (  41) ERROR           TRAP  x25
(3014) 0045  0000000001000101 (  43) PROMPT          .FILL x0045
(3015) 004E  0000000001001110 (  43)                 .FILL x004E
(3016) 0054  0000000001010100 (  43)                 .FILL x0054
(3017) 0045  0000000001000101 (  43)                 .FILL x0045
(3018) 0052  0000000001010010 (  43)                 .FILL x0052
(3019) 0020  0000000000100000 (  43)                 .FILL x0020
(301A) 0041  0000000001000001 (  43)                 .FILL x0041
(301B) 0020  0000000000100000 (  43)                 .FILL x0020
(301C) 004E  0000000001001110 (  43)                 .FILL x004E
(301D) 0055  0000000001010101 (  43)                 .FILL x0055
(301E) 004D  0000000001001101 (  43)                 .FILL x004D
(301F) 0042  0000000001000010 (  43)                 .FILL x0042
(3020) 0045  0000000001000101 (  43)                 .FILL x0045
(3021) 0052  0000000001010010 (  43)                 .FILL x0052
(3022) 0020  0000000000100000 (  43)                 .FILL x0020
(3023) 0030  0000000000110000 (  43)                 .FILL x0030
(3024) 002D  0000000000101101 (  43)                 .FILL x002D
(3025) 0031  0000000000110001 (  43)                 .FILL x0031
(3026) 0032  0000000000110010 (  43)                 .FILL x0032
(3027) 003A  0000000000111010 (  43)                 .FILL x003A
(3028) 0020  0000000000100000 (  43)                 .FILL x0020
(3029) 0000  0000000000000000 (  43)                 .FILL x0000
(302A) 004A  0000000001001010 (  45) DAYS            .FILL x004A
(302B) 0061  0000000001100001 (  45)                 .FILL x0061
(302C) 006E  0000000001101110 (  45)                 .FILL x006E
(302D) 0075  0000000001110101 (  45)                 .FILL x0075
(302E) 0061  0000000001100001 (  45)                 .FILL x0061
(302F) 0072  0000000001110010 (  45)                 .FILL x0072
(3030) 0079  0000000001111001 (  45)                 .FILL x0079
(3031) 0020  0000000000100000 (  45)                 .FILL x0020
(3032) 0020  0000000000100000 (  45)                 .FILL x0020
(3033) 0020  0000000000100000 (  45)                 .FILL x0020
(3034) 0000  0000000000000000 (  45)                 .FILL x0000
(3035) 0046  0000000001000110 (  46)                 .FILL x0046
(3036) 0065  0000000001100101 (  46)                 .FILL x0065
(3037) 0062  0000000001100010 (  46)                 .FILL x0062
(3038) 0072  0000000001110010 (  46)                 .FILL x0072
(3039) 0075  0000000001110101 (  46)                 .FILL x0075
(303A) 0061  0000000001100001 (  46)                 .FILL x0061
(303B) 0072  0000000001110010 (  46)                 .FILL x0072
(303C) 0079  0000000001111001 (  46)                 .FILL x0079
(303D) 0020  0000000000100000 (  46)                 .FILL x0020
(303E) 0020  0000000000100000 (  46)                 .FILL x0020
(303F) 0000  0000000000000000 (  46)                 .FILL x0000
(3040) 004D  0000000001001101 (  47)                 .FILL x004D
(3041) 0061  0000000001100001 (  47)                 .FILL x0061
(3042) 0072  0000000001110010 (  47)                 .FILL x0072
(3043) 0063  0000000001100011 (  47)                 .FILL x0063
(3044) 0068  0000000001101000 (  47)                 .FILL x0068
(3045) 0020  0000000000100000 (  47)                 .FILL x0020
(3046) 0020  0000000000100000 (  47)                 .FILL x0020
(3047) 0020  0000000000100000 (  47)                 .FILL x0020
(3048) 0020  0000000000100000 (  47)                 .FILL x0020
(3049) 0020  0000000000100000 (  47)                 .FILL x0020
(304A) 0000  0000000000000000 (  47)                 .FILL x0000
(304B) 0041  0000000001000001 (  48)                 .FILL x0041
(304C) 0070  0000000001110000 (  48)                 .FILL x0070
(304D) 0072  0000000001110010 (  48)                 .FILL x0072
(304E) 0069  0000000001101001 (  48)                 .FILL x0069
(304F) 006C  0000000001101100 (  48)                 .FILL x006C
(3050) 0020  0000000000100000 (  48)                 .FILL x0020
(3051) 0020  0000000000100000 (  48)                 .FILL x0020
(3052) 0020  0000000000100000 (  48)                 .FILL x0020
(3053) 0020  0000000000100000 (  48)                 .FILL x0020
(3054) 0020  0000000000100000 (  48)                 .FILL x0020
(3055) 0000  0000000000000000 (  48)                 .FILL x0000
(3056) 004D  0000000001001101 (  49)                 .FILL x004D
(3057) 0061  0000000001100001 (  49)                 .FILL x0061
(3058) 0079  0000000001111001 (  49)                 .FILL x0079
(3059) 0020  0000000000100000 (  49)                 .FILL x0020
(305A) 0020  0000000000100000 (  49)                 .FILL x0020
(305B) 0020  0000000000100000 (  49)                 .FILL x0020
(305C) 0020  0000000000100000 (  49)                 .FILL x0020
(305D) 0020  0000000000100000 (  49)                 .FILL x0020
(305E) 0020  0000000000100000 (  49)                 .FILL x0020
(305F) 0020  0000000000100000 (  49)                 .FILL x0020
(3060) 0000  0000000000000000 (  49)                 .FILL x0000
(3061) 004A  0000000001001010 (  50)                 .FILL x004A
(3062) 0075  0000000001110101 (  50)                 .FILL x0075
(3063) 006E  0000000001101110 (  50)                 .FILL x006E
(3064) 0065  0000000001100101 (  50)                 .FILL x0065
(3065) 0020  0000000000100000 (  50)                 .FILL x0020
(3066) 0020  0000000000100000 (  50)                 .FILL x0020
(3067) 0020  0000000000100000 (  50)                 .FILL x0020
(3068) 0020  0000000000100000 (  50)                 .FILL x0020
(3069) 0020  0000000000100000 (  50)                 .FILL x0020
(306A) 0020  0000000000100000 (  50)                 .FILL x0020
(306B) 0000  0000000000000000 (  50)                 .FILL x0000
(306C) 004A  0000000001001010 (  51)                 .FILL x004A
(306D) 0075  0000000001110101 (  51)                 .FILL x0075
(306E) 006C  0000000001101100 (  51)                 .FILL x006C
(306F) 0079  0000000001111001 (  51)                 .FILL x0079
(3070) 0020  0000000000100000 (  51)                 .FILL x0020
(3071) 0020  0000000000100000 (  51)                 .FILL x0020
(3072) 0020  0000000000100000 (  51)                 .FILL x0020
(3073) 0020  0000000000100000 (  51)                 .FILL x0020
(3074) 0020  0000000000100000 (  51)                 .FILL x0020
(3075) 0020  0000000000100000 (  51)                 .FILL x0020
(3076) 0000  0000000000000000 (  51)                 .FILL x0000
(3077) 0041  0000000001000001 (  52)                 .FILL x0041
(3078) 0075  0000000001110101 (  52)                 .FILL x0075
(3079) 0067  0000000001100111 (  52)                 .FILL x0067
(307A) 0075  0000000001110101 (  52)                 .FILL x0075
(307B) 0073  0000000001110011 (  52)                 .FILL x0073
(307C) 0074  0000000001110100 (  52)                 .FILL x0074
(307D) 0020  0000000000100000 (  52)                 .FILL x0020
(307E) 0020  0000000000100000 (  52)                 .FILL x0020
(307F) 0020  0000000000100000 (  52)                 .FILL x0020
(3080) 0020  0000000000100000 (  52)                 .FILL x0020
(3081) 0000  0000000000000000 (  52)                 .FILL x0000
(3082) 0053  0000000001010011 (  53)                 .FILL x0053
(3083) 0065  0000000001100101 (  53)                 .FILL x0065
(3084) 0070  0000000001110000 (  53)                 .FILL x0070
(3085) 0074  0000000001110100 (  53)                 .FILL x0074
(3086) 0065  0000000001100101 (  53)                 .FILL x0065
(3087) 006D  0000000001101101 (  53)                 .FILL x006D
(3088) 0062  0000000001100010 (  53)                 .FILL x0062
(3089) 0065  0000000001100101 (  53)                 .FILL x0065
(308A) 0072  0000000001110010 (  53)                 .FILL x0072
(308B) 0020  0000000000100000 (  53)                 .FILL x0020
(308C) 0000  0000000000000000 (  53)                 .FILL x0000
(308D) 004F  0000000001001111 (  54)                 .FILL x004F
(308E) 0063  0000000001100011 (  54)                 .FILL x0063
(308F) 0074  0000000001110100 (  54)                 .FILL x0074
(3090) 006F  0000000001101111 (  54)                 .FILL x006F
(3091) 0062  0000000001100010 (  54)                 .FILL x0062
(3092) 0065  0000000001100101 (  54)                 .FILL x0065
(3093) 0072  0000000001110010 (  54)                 .FILL x0072
(3094) 0020  0000000000100000 (  54)                 .FILL x0020
(3095) 0020  0000000000100000 (  54)                 .FILL x0020
(3096) 0020  0000000000100000 (  54)                 .FILL x0020
(3097) 0000  0000000000000000 (  54)                 .FILL x0000
(3098) 004E  0000000001001110 (  55)                 .FILL x004E
(3099) 006F  0000000001101111 (  55)                 .FILL x006F
(309A) 0076  0000000001110110 (  55)                 .FILL x0076
(309B) 0065  0000000001100101 (  55)                 .FILL x0065
(309C) 006D  0000000001101101 (  55)                 .FILL x006D
(309D) 0062  0000000001100010 (  55)                 .FILL x0062
(309E) 0065  0000000001100101 (  55)                 .FILL x0065
(309F) 0072  0000000001110010 (  55)                 .FILL x0072
(30A0) 0020  0000000000100000 (  55)                 .FILL x0020
(30A1) 0020  0000000000100000 (  55)                 .FILL x0020
(30A2) 0000  0000000000000000 (  55)                 .FILL x0000
(30A3) 0044  0000000001000100 (  56)                 .FILL x0044
(30A4) 0065  0000000001100101 (  56)                 .FILL x0065
(30A5) 0063  0000000001100011 (  56)                 .FILL x0063
(30A6) 0065  0000000001100101 (  56)                 .FILL x0065
(30A7) 006D  0000000001101101 (  56)                 .FILL x006D
(30A8) 0062  0000000001100010 (  56)                 .FILL x0062
(30A9) 0065  0000000001100101 (  56)                 .FILL x0065
(30AA) 0072  0000000001110010 (  56)                 .FILL x0072
(30AB) 0020  0000000000100000 (  56)                 .FILL x0020
(30AC) 0020  0000000000100000 (  56)                 .FILL x0020
(30AD) 0000  0000000000000000 (  56)                 .FILL x0000
(30AE) 0049  0000000001001001 (  57)                 .FILL x0049
(30AF) 004E  0000000001001110 (  57)                 .FILL x004E
(30B0) 0056  0000000001010110 (  57)                 .FILL x0056
(30B1) 0041  0000000001000001 (  57)                 .FILL x0041
(30B2) 004C  0000000001001100 (  57)                 .FILL x004C
(30B3) 0049  0000000001001001 (  57)                 .FILL x0049
(30B4) 0044  0000000001000100 (  57)                 .FILL x0044
(30B5) 0020  0000000000100000 (  57)                 .FILL x0020
(30B6) 0049  0000000001001001 (  57)                 .FILL x0049
(30B7) 004E  0000000001001110 (  57)                 .FILL x004E
(30B8) 0050  0000000001010000 (  57)                 .FILL x0050
(30B9) 0055  0000000001010101 (  57)                 .FILL x0055
(30BA) 0054  0000000001010100 (  57)                 .FILL x0054
(30BB) 0000  0000000000000000 (  57)                 .FILL x0000
(30BC) 000A  0000000000001010 (  59) LF              .FILL x000A
