(0000) 3000  0011000000000000 (   8)                 .ORIG x3000
(3000) 5260  0101001001100000 (   9)                 AND   R1 R1 #0
(3001) 54A0  0101010010100000 (  10)                 AND   R2 R2 #0
(3002) 2C59  0010110001011001 (  11)                 LD    R6 RESET
(3003) E059  1110000001011001 (  12)                 LEA   R0 LINE1
(3004) F022  1111000000100010 (  13)                 TRAP  x22
(3005) F020  1111000000100000 (  14)                 TRAP  x20
(3006) F021  1111000000100001 (  15)                 TRAP  x21
(3007) 1380  0001001110000000 (  16)                 ADD   R1 R6 R0
(3008) E05F  1110000001011111 (  17)                 LEA   R0 LINE2
(3009) F022  1111000000100010 (  18)                 TRAP  x22
(300A) F020  1111000000100000 (  19)                 TRAP  x20
(300B) F021  1111000000100001 (  20)                 TRAP  x21
(300C) 1580  0001010110000000 (  21)                 ADD   R2 R6 R0
(300D) 4801  0100100000000001 (  22)                 JSR   COMPARE
(300E) F025  1111000000100101 (  24)                 TRAP  x25
(300F) 56E0  0101011011100000 (  28) COMPARE         AND   R3 R3 #0
(3010) 94BF  1001010010111111 (  29)                 NOT   R2 R2
(3011) 14A1  0001010010100001 (  30)                 ADD   R2 R2 #1
(3012) 1642  0001011001000010 (  31)                 ADD   R3 R1 R2
(3013) 0807  0000100000000111 (  32)                 BRN   NEG
(3014) 16E0  0001011011100000 (  33)                 ADD   R3 R3 #0
(3015) 0208  0000001000001000 (  34)                 BRP   POS
(3016) 16E0  0001011011100000 (  35)                 ADD   R3 R3 #0
(3017) 0409  0000010000001001 (  36)                 BRZ   EQ
(3018) 5B60  0101101101100000 (  37)                 AND   R5 R5 #0
(3019) 1B41  0001101101000001 (  38)                 ADD   R5 R5 R1
(301A) C1C0  1100000111000000 (  39)                 RET   
(301B) E008  1110000000001000 (  40) NEG             LEA   R0 N
(301C) F022  1111000000100010 (  41)                 TRAP  x22
(301D) C1C0  1100000111000000 (  42)                 RET   
(301E) E017  1110000000010111 (  43) POS             LEA   R0 P
(301F) F022  1111000000100010 (  44)                 TRAP  x22
(3020) C1C0  1100000111000000 (  45)                 RET   
(3021) E029  1110000000101001 (  46) EQ              LEA   R0 E
(3022) F022  1111000000100010 (  47)                 TRAP  x22
(3023) C1C0  1100000111000000 (  48)                 RET   
(3024) 000A  0000000000001010 (  51) N               .FILL x000A
(3025) 0058  0000000001011000 (  51)                 .FILL x0058
(3026) 0020  0000000000100000 (  51)                 .FILL x0020
(3027) 0049  0000000001001001 (  51)                 .FILL x0049
(3028) 0053  0000000001010011 (  51)                 .FILL x0053
(3029) 0020  0000000000100000 (  51)                 .FILL x0020
(302A) 004C  0000000001001100 (  51)                 .FILL x004C
(302B) 0045  0000000001000101 (  51)                 .FILL x0045
(302C) 0053  0000000001010011 (  51)                 .FILL x0053
(302D) 0053  0000000001010011 (  51)                 .FILL x0053
(302E) 0020  0000000000100000 (  51)                 .FILL x0020
(302F) 0054  0000000001010100 (  51)                 .FILL x0054
(3030) 0048  0000000001001000 (  51)                 .FILL x0048
(3031) 0041  0000000001000001 (  51)                 .FILL x0041
(3032) 004E  0000000001001110 (  51)                 .FILL x004E
(3033) 0020  0000000000100000 (  51)                 .FILL x0020
(3034) 0059  0000000001011001 (  51)                 .FILL x0059
(3035) 0000  0000000000000000 (  51)                 .FILL x0000
(3036) 000A  0000000000001010 (  52) P               .FILL x000A
(3037) 0058  0000000001011000 (  52)                 .FILL x0058
(3038) 0020  0000000000100000 (  52)                 .FILL x0020
(3039) 0049  0000000001001001 (  52)                 .FILL x0049
(303A) 0053  0000000001010011 (  52)                 .FILL x0053
(303B) 0020  0000000000100000 (  52)                 .FILL x0020
(303C) 0047  0000000001000111 (  52)                 .FILL x0047
(303D) 0052  0000000001010010 (  52)                 .FILL x0052
(303E) 0045  0000000001000101 (  52)                 .FILL x0045
(303F) 0041  0000000001000001 (  52)                 .FILL x0041
(3040) 0054  0000000001010100 (  52)                 .FILL x0054
(3041) 0045  0000000001000101 (  52)                 .FILL x0045
(3042) 0052  0000000001010010 (  52)                 .FILL x0052
(3043) 0020  0000000000100000 (  52)                 .FILL x0020
(3044) 0054  0000000001010100 (  52)                 .FILL x0054
(3045) 0048  0000000001001000 (  52)                 .FILL x0048
(3046) 0041  0000000001000001 (  52)                 .FILL x0041
(3047) 004E  0000000001001110 (  52)                 .FILL x004E
(3048) 0020  0000000000100000 (  52)                 .FILL x0020
(3049) 0059  0000000001011001 (  52)                 .FILL x0059
(304A) 0000  0000000000000000 (  52)                 .FILL x0000
(304B) 000A  0000000000001010 (  53) E               .FILL x000A
(304C) 0058  0000000001011000 (  53)                 .FILL x0058
(304D) 0020  0000000000100000 (  53)                 .FILL x0020
(304E) 0049  0000000001001001 (  53)                 .FILL x0049
(304F) 0053  0000000001010011 (  53)                 .FILL x0053
(3050) 0020  0000000000100000 (  53)                 .FILL x0020
(3051) 0045  0000000001000101 (  53)                 .FILL x0045
(3052) 0051  0000000001010001 (  53)                 .FILL x0051
(3053) 0055  0000000001010101 (  53)                 .FILL x0055
(3054) 0041  0000000001000001 (  53)                 .FILL x0041
(3055) 004C  0000000001001100 (  53)                 .FILL x004C
(3056) 0020  0000000000100000 (  53)                 .FILL x0020
(3057) 0054  0000000001010100 (  53)                 .FILL x0054
(3058) 004F  0000000001001111 (  53)                 .FILL x004F
(3059) 0020  0000000000100000 (  53)                 .FILL x0020
(305A) 0059  0000000001011001 (  53)                 .FILL x0059
(305B) 0000  0000000000000000 (  53)                 .FILL x0000
(305C) FFD0  1111111111010000 (  54) RESET           .FILL xFFD0
(305D) 0045  0000000001000101 (  55) LINE1           .FILL x0045
(305E) 004E  0000000001001110 (  55)                 .FILL x004E
(305F) 0054  0000000001010100 (  55)                 .FILL x0054
(3060) 0045  0000000001000101 (  55)                 .FILL x0045
(3061) 0052  0000000001010010 (  55)                 .FILL x0052
(3062) 0020  0000000000100000 (  55)                 .FILL x0020
(3063) 0058  0000000001011000 (  55)                 .FILL x0058
(3064) 0020  0000000000100000 (  55)                 .FILL x0020
(3065) 003A  0000000000111010 (  55)                 .FILL x003A
(3066) 0020  0000000000100000 (  55)                 .FILL x0020
(3067) 0000  0000000000000000 (  55)                 .FILL x0000
(3068) 000A  0000000000001010 (  56) LINE2           .FILL x000A
(3069) 0045  0000000001000101 (  56)                 .FILL x0045
(306A) 004E  0000000001001110 (  56)                 .FILL x004E
(306B) 0054  0000000001010100 (  56)                 .FILL x0054
(306C) 0045  0000000001000101 (  56)                 .FILL x0045
(306D) 0052  0000000001010010 (  56)                 .FILL x0052
(306E) 0020  0000000000100000 (  56)                 .FILL x0020
(306F) 0059  0000000001011001 (  56)                 .FILL x0059
(3070) 0020  0000000000100000 (  56)                 .FILL x0020
(3071) 003A  0000000000111010 (  56)                 .FILL x003A
(3072) 0020  0000000000100000 (  56)                 .FILL x0020
(3073) 0000  0000000000000000 (  56)                 .FILL x0000
