(0000) 3000  0011000000000000 (   3)                 .ORIG x3000
(3000) A215  1010001000010101 (   4)                 LDI   R1 P
(3001) A415  1010010000010101 (   5)                 LDI   R2 Q
(3002) A615  1010011000010101 (   6)                 LDI   R3 RES
(3003) 94BF  1001010010111111 (   7)                 NOT   R2 R2
(3004) 14A1  0001010010100001 (   8)                 ADD   R2 R2 #1
(3005) 1842  0001100001000010 (   9)                 ADD   R4 R1 R2
(3006) B812  1011100000010010 (  10)                 STI   R4 PMQ
(3007) 0202  0000001000000010 (  11)                 BRP   POS
(3008) 0404  0000010000000100 (  12)                 BRZ   ZERO
(3009) 0806  0000100000000110 (  13)                 BRN   NEG
(300A) 1AE2  0001101011100010 (  16) POS             ADD   R5 R3 #2
(300B) BA0E  1011101000001110 (  17)                 STI   R5 RPOS
(300C) F025  1111000000100101 (  19)                 TRAP  x25
(300D) 1AE1  0001101011100001 (  22) ZERO            ADD   R5 R3 #1
(300E) BA0C  1011101000001100 (  23)                 STI   R5 RZERO
(300F) F025  1111000000100101 (  25)                 TRAP  x25
(3010) 1DA1  0001110110100001 (  28) NEG             ADD   R6 R6 #1
(3011) 9DBF  1001110110111111 (  29)                 NOT   R6 R6
(3012) 1DA1  0001110110100001 (  30)                 ADD   R6 R6 #1
(3013) 1AC6  0001101011000110 (  31)                 ADD   R5 R3 R6
(3014) BA07  1011101000000111 (  32)                 STI   R5 RNEG
(3015) F025  1111000000100101 (  34)                 TRAP  x25
(3016) 3200  0011001000000000 (  37) P               .FILL x3200
(3017) 3201  0011001000000001 (  38) Q               .FILL x3201
(3018) 3202  0011001000000010 (  39) RES             .FILL x3202
(3019) 3203  0011001000000011 (  40) PMQ             .FILL x3203
(301A) 3204  0011001000000100 (  41) RPOS            .FILL x3204
(301B) 3205  0011001000000101 (  42) RZERO           .FILL x3205
(301C) 3206  0011001000000110 (  43) RNEG            .FILL x3206
