(0000) 3000  0011000000000000 (   3)                 .ORIG x3000
(3000) A220  1010001000100000 (   5)                 LDI   R1 X
(3001) A420  1010010000100000 (   6)                 LDI   R2 Y
(3002) 98BF  1001100010111111 (   7)                 NOT   R4 R2
(3003) 1921  0001100100100001 (   8)                 ADD   R4 R4 #1
(3004) 1644  0001011001000100 (   9)                 ADD   R3 R1 R4
(3005) B61D  1011011000011101 (  10)                 STI   R3 XMY
(3006) 1860  0001100001100000 (  11)                 ADD   R4 R1 #0
(3007) 0602  0000011000000010 (  12)                 BRZP  ZPX
(3008) 993F  1001100100111111 (  13)                 NOT   R4 R4
(3009) 1921  0001100100100001 (  14)                 ADD   R4 R4 #1
(300A) B819  1011100000011001 (  17) ZPX             STI   R4 ABSX
(300B) 1AA0  0001101010100000 (  18)                 ADD   R5 R2 #0
(300C) 0602  0000011000000010 (  19)                 BRZP  ZPY
(300D) 9B7F  1001101101111111 (  20)                 NOT   R5 R5
(300E) 1B61  0001101101100001 (  21)                 ADD   R5 R5 #1
(300F) BA15  1011101000010101 (  24) ZPY             STI   R5 ABSY
(3010) 9F7F  1001111101111111 (  25)                 NOT   R7 R5
(3011) 1FE1  0001111111100001 (  26)                 ADD   R7 R7 #1
(3012) 1D07  0001110100000111 (  27)                 ADD   R6 R4 R7
(3013) 0202  0000001000000010 (  28)                 BRP   POS
(3014) 0405  0000010000000101 (  29)                 BRZ   ZERO
(3015) 0807  0000100000000111 (  30)                 BRN   NEG
(3016) 5DA0  0101110110100000 (  33) POS             AND   R6 R6 #0
(3017) 1DA1  0001110110100001 (  34)                 ADD   R6 R6 #1
(3018) BC0D  1011110000001101 (  35)                 STI   R6 Z
(3019) F025  1111000000100101 (  36)                 TRAP  x25
(301A) 5DA0  0101110110100000 (  39) ZERO            AND   R6 R6 #0
(301B) BC0A  1011110000001010 (  40)                 STI   R6 Z
(301C) F025  1111000000100101 (  41)                 TRAP  x25
(301D) 5DA0  0101110110100000 (  44) NEG             AND   R6 R6 #0
(301E) 1DA2  0001110110100010 (  45)                 ADD   R6 R6 #2
(301F) BC06  1011110000000110 (  46)                 STI   R6 Z
(3020) F025  1111000000100101 (  47)                 TRAP  x25
(3021) 3120  0011000100100000 (  49) X               .FILL x3120
(3022) 3121  0011000100100001 (  50) Y               .FILL x3121
(3023) 3122  0011000100100010 (  51) XMY             .FILL x3122
(3024) 3123  0011000100100011 (  52) ABSX            .FILL x3123
(3025) 3124  0011000100100100 (  53) ABSY            .FILL x3124
(3026) 3125  0011000100100101 (  54) Z               .FILL x3125
