(0000) 3000  0011000000000000 (  15)                 .ORIG x3000
(3000) E002  1110000000000010 (  16)                 LEA   R0 HW
(3001) F022  1111000000100010 (  17)                 TRAP  x22
(3002) F025  1111000000100101 (  18)                 TRAP  x25
(3003) 0048  0000000001001000 (  19) HW              .FILL x0048
(3004) 0065  0000000001100101 (  19)                 .FILL x0065
(3005) 006C  0000000001101100 (  19)                 .FILL x006C
(3006) 006C  0000000001101100 (  19)                 .FILL x006C
(3007) 006F  0000000001101111 (  19)                 .FILL x006F
(3008) 0020  0000000000100000 (  19)                 .FILL x0020
(3009) 0057  0000000001010111 (  19)                 .FILL x0057
(300A) 004F  0000000001001111 (  19)                 .FILL x004F
(300B) 0072  0000000001110010 (  19)                 .FILL x0072
(300C) 006C  0000000001101100 (  19)                 .FILL x006C
(300D) 0064  0000000001100100 (  19)                 .FILL x0064
(300E) 0020  0000000000100000 (  19)                 .FILL x0020
(300F) 0021  0000000000100001 (  19)                 .FILL x0021
(3010) 0020  0000000000100000 (  19)                 .FILL x0020
(3011) 0054  0000000001010100 (  19)                 .FILL x0054
(3012) 0068  0000000001101000 (  19)                 .FILL x0068
(3013) 0069  0000000001101001 (  19)                 .FILL x0069
(3014) 0073  0000000001110011 (  19)                 .FILL x0073
(3015) 0020  0000000000100000 (  19)                 .FILL x0020
(3016) 0069  0000000001101001 (  19)                 .FILL x0069
(3017) 0073  0000000001110011 (  19)                 .FILL x0073
(3018) 0020  0000000000100000 (  19)                 .FILL x0020
(3019) 006D  0000000001101101 (  19)                 .FILL x006D
(301A) 0079  0000000001111001 (  19)                 .FILL x0079
(301B) 0020  0000000000100000 (  19)                 .FILL x0020
(301C) 0066  0000000001100110 (  19)                 .FILL x0066
(301D) 0069  0000000001101001 (  19)                 .FILL x0069
(301E) 0072  0000000001110010 (  19)                 .FILL x0072
(301F) 0073  0000000001110011 (  19)                 .FILL x0073
(3020) 0074  0000000001110100 (  19)                 .FILL x0074
(3021) 0020  0000000000100000 (  19)                 .FILL x0020
(3022) 004C  0000000001001100 (  19)                 .FILL x004C
(3023) 0043  0000000001000011 (  19)                 .FILL x0043
(3024) 0023  0000000000100011 (  19)                 .FILL x0023
(3025) 0020  0000000000100000 (  19)                 .FILL x0020
(3026) 0070  0000000001110000 (  19)                 .FILL x0070
(3027) 0072  0000000001110010 (  19)                 .FILL x0072
(3028) 006F  0000000001101111 (  19)                 .FILL x006F
(3029) 0067  0000000001100111 (  19)                 .FILL x0067
(302A) 0072  0000000001110010 (  19)                 .FILL x0072
(302B) 0061  0000000001100001 (  19)                 .FILL x0061
(302C) 006D  0000000001101101 (  19)                 .FILL x006D
(302D) 0020  0000000000100000 (  19)                 .FILL x0020
(302E) 0021  0000000000100001 (  19)                 .FILL x0021
(302F) 0000  0000000000000000 (  19)                 .FILL x0000
